    tracknum
code     1     2
  XX 10743 10682
  0X     0  1084
  X0   531     0
 int [1:3, 1:2] 10743 0 531 10682 1084 0
 - attr(*, "dimnames")=List of 2
  ..$ code    : chr [1:3] "XX" "0X" "X0"
  ..$ tracknum: chr [1:2] "1" "2"
NULL
[1] "XX" "0X" "X0"
[1] 3 1 2
[1] "#5555FF" "#AAFFFF" "#AAAAFF"
[1] "#5555FF" "#AAFFFF" "#AAAAFF"
null device 
          1 
[1] "plotted multovl.strict.focus.anc.num.jpeg"
    tracknum
code     1     2
  XX 10743 10682
  0X     0  1084
  X0   531     0
 int [1:3, 1:2] 10743 0 531 10682 1084 0
 - attr(*, "dimnames")=List of 2
  ..$ code    : chr [1:3] "XX" "0X" "X0"
  ..$ tracknum: chr [1:2] "1" "2"
NULL
[1] "XX" "0X" "X0"
[1] 3 1 2
[1] "#5555FF" "#AAFFFF" "#AAAAFF"
[1] "#5555FF" "#AAFFFF" "#AAAAFF"
null device 
          1 
[1] "plotted multovl.strict.focus.anc.num.pdf"
    
code         1         2
  XX 95.290048 90.787013
  0X  0.000000  9.212987
  X0  4.709952  0.000000
 num [1:3, 1:2] 95.29 0 4.71 90.79 9.21 ...
 - attr(*, "dimnames")=List of 2
  ..$ code: chr [1:3] "XX" "0X" "X0"
  ..$     : chr [1:2] "1" "2"
NULL
[1] "XX" "0X" "X0"
[1] 3 1 2
[1] "#5555FF" "#AAFFFF" "#AAAAFF"
[1] "#5555FF" "#AAFFFF" "#AAAAFF"
null device 
          1 
[1] "plotted multovl.strict.focus.anc.perc.jpeg"
    
code         1         2
  XX 95.290048 90.787013
  0X  0.000000  9.212987
  X0  4.709952  0.000000
 num [1:3, 1:2] 95.29 0 4.71 90.79 9.21 ...
 - attr(*, "dimnames")=List of 2
  ..$ code: chr [1:3] "XX" "0X" "X0"
  ..$     : chr [1:2] "1" "2"
NULL
[1] "XX" "0X" "X0"
[1] 3 1 2
[1] "#5555FF" "#AAFFFF" "#AAAAFF"
[1] "#5555FF" "#AAFFFF" "#AAAAFF"
null device 
          1 
[1] "plotted multovl.strict.focus.anc.perc.pdf"
