    tracknum
code     1     2
  XX 11210 11210
  0X     0  1084
  X0   531     0
 int [1:3, 1:2] 11210 0 531 11210 1084 0
 - attr(*, "dimnames")=List of 2
  ..$ code    : chr [1:3] "XX" "0X" "X0"
  ..$ tracknum: chr [1:2] "1" "2"
NULL
[1] "XX" "0X" "X0"
[1] 3 1 2
[1] "#5555FF" "#AAFFFF" "#AAAAFF"
[1] "#5555FF" "#AAFFFF" "#AAAAFF"
null device 
          1 
[1] "plotted multovl.strict.anc.num.jpeg"
    tracknum
code     1     2
  XX 11210 11210
  0X     0  1084
  X0   531     0
 int [1:3, 1:2] 11210 0 531 11210 1084 0
 - attr(*, "dimnames")=List of 2
  ..$ code    : chr [1:3] "XX" "0X" "X0"
  ..$ tracknum: chr [1:2] "1" "2"
NULL
[1] "XX" "0X" "X0"
[1] 3 1 2
[1] "#5555FF" "#AAFFFF" "#AAAAFF"
[1] "#5555FF" "#AAFFFF" "#AAAAFF"
null device 
          1 
[1] "plotted multovl.strict.anc.num.pdf"
    
code         1         2
  XX 95.477387 91.182691
  0X  0.000000  8.817309
  X0  4.522613  0.000000
 num [1:3, 1:2] 95.48 0 4.52 91.18 8.82 ...
 - attr(*, "dimnames")=List of 2
  ..$ code: chr [1:3] "XX" "0X" "X0"
  ..$     : chr [1:2] "1" "2"
NULL
[1] "XX" "0X" "X0"
[1] 3 1 2
[1] "#5555FF" "#AAFFFF" "#AAAAFF"
[1] "#5555FF" "#AAFFFF" "#AAAAFF"
null device 
          1 
[1] "plotted multovl.strict.anc.perc.jpeg"
    
code         1         2
  XX 95.477387 91.182691
  0X  0.000000  8.817309
  X0  4.522613  0.000000
 num [1:3, 1:2] 95.48 0 4.52 91.18 8.82 ...
 - attr(*, "dimnames")=List of 2
  ..$ code: chr [1:3] "XX" "0X" "X0"
  ..$     : chr [1:2] "1" "2"
NULL
[1] "XX" "0X" "X0"
[1] 3 1 2
[1] "#5555FF" "#AAFFFF" "#AAAAFF"
[1] "#5555FF" "#AAFFFF" "#AAAAFF"
null device 
          1 
[1] "plotted multovl.strict.anc.perc.pdf"
